Drill report for ESP32_IoT_Board_Design.kicad_pcb
Created on 2026-06-30T15:14:26

Copper Layer Stackup:
    =============================================================
    L1 :  Front                     front
    L2 :  In1.Cu                    in1
    L3 :  In2.Cu                    in2
    L4 :  Back                      back


Drill file 'ESP32_IoT_Board_Design-PTH-drl.gbr' contains
    plated through holes:
    =============================================================
    T1  0.200mm  0.0079"  (12 holes))
    T2  0.300mm  0.0118"  (65 holes))
    T3  0.300mm  0.0118"  (5 holes))
    T4  0.600mm  0.0236"  (4 holes)  (with 4 slots)
    T5  1.000mm  0.0394"  (14 holes))
    T6  3.200mm  0.1260"  (3 holes))

    Total plated holes count 103


Drill file 'ESP32_IoT_Board_Design-NPTH-drl.gbr' contains
    unplated through holes:
    =============================================================
    T1  0.650mm  0.0256"  (2 holes))

    Total unplated holes count 2
